<?xml version="1.0" encoding="UTF-8"?>
<testsuite xmlns:xsi="http://www.w3.org/2001/XMLSchema-instance" xsi:noNamespaceSchemaLocation="https://maven.apache.org/surefire/maven-surefire-plugin/xsd/surefire-test-report.xsd" name="com.LanguageTool.DictionaryFileHandlerTest" time="0.119" tests="2" errors="0" skipped="0" failures="0">
  <properties>
[...]
</properties>
  <testcase name="testDeleteWords" classname="com.LanguageTool.DictionaryFileHandlerTest" time="0.075"/>
  <testcase name="testWriteDictionary" classname="com.LanguageTool.DictionaryFileHandlerTest" time="0.013"/>
</testsuite>